<?xml version="1.0" encoding="UTF-8"?>
<!-- Generated by org.testng.reporters.JUnitXMLReporter -->
<testsuite ignored="0" hostname="LP00019" failures="0" tests="18" name="Default test" time="2.573" errors="0" timestamp="2021-04-05T18:29:04 IST">
  <testcase classname="com.lp.qa.testcases.ContactlessPaymentTests" name="@BeforeClass setup" time="1.866">
    <failure type="org.openqa.selenium.SessionNotCreatedException" message="Unexpected error launching Internet Explorer. Browser zoom level was set to 105%. It should be set to 100%
Build info: version: &amp;apos;3.141.59&amp;apos;, revision: &amp;apos;e82be7d358&amp;apos;, time: &amp;apos;2018-11-14T08:17:03&amp;apos;
System info: host: &amp;apos;LP00019&amp;apos;, ip: &amp;apos;10.100.10.231&amp;apos;, os.name: &amp;apos;Windows 10&amp;apos;, os.arch: &amp;apos;amd64&amp;apos;, os.version: &amp;apos;10.0&amp;apos;, java.version: &amp;apos;14.0.1&amp;apos;
Driver info: driver.version: InternetExplorerDriver
remote stacktrace: ">
      <![CDATA[org.openqa.selenium.SessionNotCreatedException: Unexpected error launching Internet Explorer. Browser zoom level was set to 105%. It should be set to 100%
Build info: version: '3.141.59', revision: 'e82be7d358', time: '2018-11-14T08:17:03'
System info: host: 'LP00019', ip: '10.100.10.231', os.name: 'Windows 10', os.arch: 'amd64', os.version: '10.0', java.version: '14.0.1'
Driver info: driver.version: InternetExplorerDriver
remote stacktrace: 
at java.base/jdk.internal.reflect.NativeConstructorAccessorImpl.newInstance0(Native Method)
at java.base/jdk.internal.reflect.NativeConstructorAccessorImpl.newInstance(NativeConstructorAccessorImpl.java:62)
at java.base/jdk.internal.reflect.DelegatingConstructorAccessorImpl.newInstance(DelegatingConstructorAccessorImpl.java:45)
at java.base/java.lang.reflect.Constructor.newInstanceWithCaller(Constructor.java:500)
at java.base/java.lang.reflect.Constructor.newInstance(Constructor.java:481)
at org.openqa.selenium.remote.W3CHandshakeResponse.lambda$errorHandler$0(W3CHandshakeResponse.java:62)
at org.openqa.selenium.remote.HandshakeResponse.lambda$getResponseFunction$0(HandshakeResponse.java:30)
at org.openqa.selenium.remote.ProtocolHandshake.lambda$createSession$0(ProtocolHandshake.java:126)
at java.base/java.util.stream.ReferencePipeline$3$1.accept(ReferencePipeline.java:195)
at java.base/java.util.Spliterators$ArraySpliterator.tryAdvance(Spliterators.java:958)
at java.base/java.util.stream.ReferencePipeline.forEachWithCancel(ReferencePipeline.java:127)
at java.base/java.util.stream.AbstractPipeline.copyIntoWithCancel(AbstractPipeline.java:502)
at java.base/java.util.stream.AbstractPipeline.copyInto(AbstractPipeline.java:488)
at java.base/java.util.stream.AbstractPipeline.wrapAndCopyInto(AbstractPipeline.java:474)
at java.base/java.util.stream.FindOps$FindOp.evaluateSequential(FindOps.java:150)
at java.base/java.util.stream.AbstractPipeline.evaluate(AbstractPipeline.java:234)
at java.base/java.util.stream.ReferencePipeline.findFirst(ReferencePipeline.java:543)
at org.openqa.selenium.remote.ProtocolHandshake.createSession(ProtocolHandshake.java:128)
at org.openqa.selenium.remote.ProtocolHandshake.createSession(ProtocolHandshake.java:74)
at org.openqa.selenium.remote.HttpCommandExecutor.execute(HttpCommandExecutor.java:136)
at org.openqa.selenium.remote.service.DriverCommandExecutor.execute(DriverCommandExecutor.java:83)
at org.openqa.selenium.remote.RemoteWebDriver.execute(RemoteWebDriver.java:552)
at org.openqa.selenium.remote.RemoteWebDriver.startSession(RemoteWebDriver.java:213)
at org.openqa.selenium.ie.InternetExplorerDriver.run(InternetExplorerDriver.java:221)
at org.openqa.selenium.ie.InternetExplorerDriver.<init>(InternetExplorerDriver.java:213)
at org.openqa.selenium.ie.InternetExplorerDriver.<init>(InternetExplorerDriver.java:150)
at com.lp.qa.base.TestBase.browserInitialization(TestBase.java:66)
at com.lp.qa.testcases.ContactlessPaymentTests.setup(ContactlessPaymentTests.java:47)
at java.base/jdk.internal.reflect.NativeMethodAccessorImpl.invoke0(Native Method)
at java.base/jdk.internal.reflect.NativeMethodAccessorImpl.invoke(NativeMethodAccessorImpl.java:62)
at java.base/jdk.internal.reflect.DelegatingMethodAccessorImpl.invoke(DelegatingMethodAccessorImpl.java:43)
at java.base/java.lang.reflect.Method.invoke(Method.java:564)
at org.testng.internal.MethodInvocationHelper.invokeMethod(MethodInvocationHelper.java:132)
at org.testng.internal.MethodInvocationHelper.invokeMethodConsideringTimeout(MethodInvocationHelper.java:61)
at org.testng.internal.ConfigInvoker.invokeConfigurationMethod(ConfigInvoker.java:366)
at org.testng.internal.ConfigInvoker.invokeConfigurations(ConfigInvoker.java:320)
at org.testng.internal.TestMethodWorker.invokeBeforeClassMethods(TestMethodWorker.java:176)
at org.testng.internal.TestMethodWorker.run(TestMethodWorker.java:122)
at java.base/java.util.ArrayList.forEach(ArrayList.java:1510)
at org.testng.TestRunner.privateRun(TestRunner.java:764)
at org.testng.TestRunner.run(TestRunner.java:585)
at org.testng.SuiteRunner.runTest(SuiteRunner.java:384)
at org.testng.SuiteRunner.runSequentially(SuiteRunner.java:378)
at org.testng.SuiteRunner.privateRun(SuiteRunner.java:337)
at org.testng.SuiteRunner.run(SuiteRunner.java:286)
at org.testng.SuiteRunnerWorker.runSuite(SuiteRunnerWorker.java:53)
at org.testng.SuiteRunnerWorker.run(SuiteRunnerWorker.java:96)
at org.testng.TestNG.runSuitesSequentially(TestNG.java:1218)
at org.testng.TestNG.runSuitesLocally(TestNG.java:1140)
at org.testng.TestNG.runSuites(TestNG.java:1069)
at org.testng.TestNG.run(TestNG.java:1037)
at org.testng.remote.AbstractRemoteTestNG.run(AbstractRemoteTestNG.java:115)
at org.testng.remote.RemoteTestNG.initAndRun(RemoteTestNG.java:251)
at org.testng.remote.RemoteTestNG.main(RemoteTestNG.java:77)
]]>
    </failure>
  </testcase> <!-- @BeforeClass setup -->
  <testcase classname="com.lp.qa.testcases.ContactlessPaymentTests" name="@AfterClass closeBrowser" time="-1.61762754437E9">
    <skipped/>
  </testcase> <!-- @AfterClass closeBrowser -->
  <testcase classname="com.lp.qa.testcases.ContactlessPaymentTests" name="TC01_CA_ContactlessPatientPaymentForm" time="0.0">
    <skipped/>
  </testcase> <!-- TC01_CA_ContactlessPatientPaymentForm -->
  <testcase classname="com.lp.qa.testcases.ContactlessPaymentTests" name="TC02_CA_VerifyContaclessPatientAmountInCommReport" time="0.0">
    <skipped/>
  </testcase> <!-- TC02_CA_VerifyContaclessPatientAmountInCommReport -->
  <testcase classname="com.lp.qa.testcases.ContactlessPaymentTests" name="TC03_CA_VerifyUserLoginIDInCommReport" time="0.0">
    <skipped/>
  </testcase> <!-- TC03_CA_VerifyUserLoginIDInCommReport -->
  <testcase classname="com.lp.qa.testcases.ContactlessPaymentTests" name="TC04_CA_verifyProviderNameInCommReport" time="0.0">
    <skipped/>
  </testcase> <!-- TC04_CA_verifyProviderNameInCommReport -->
  <testcase classname="com.lp.qa.testcases.ContactlessPaymentTests" name="TC05_CA_verifyResendSMSEmailFunInCommReport" time="0.0">
    <skipped/>
  </testcase> <!-- TC05_CA_verifyResendSMSEmailFunInCommReport -->
  <testcase classname="com.lp.qa.testcases.ContactlessPaymentTests" name="TC06_CA_VerifyContaclessPaymentPaymentlink" time="0.0">
    <skipped/>
  </testcase> <!-- TC06_CA_VerifyContaclessPaymentPaymentlink -->
  <testcase classname="com.lp.qa.testcases.ContactlessPaymentTests" name="TC07_CA_InitiateContactLessPaymentWithCollectCardLink" time="0.0">
    <skipped/>
  </testcase> <!-- TC07_CA_InitiateContactLessPaymentWithCollectCardLink -->
  <testcase classname="com.lp.qa.testcases.ContactlessPaymentTests" name="TC08_CA_verifyContactLessPaymentTransStatusInTransactionReport" time="0.0">
    <skipped/>
  </testcase> <!-- TC08_CA_verifyContactLessPaymentTransStatusInTransactionReport -->
  <testcase classname="com.lp.qa.testcases.ContactlessPaymentTests" name="TC11_CA_verifyContactlessPaymentAmountInTransReport" time="0.0">
    <skipped/>
  </testcase> <!-- TC11_CA_verifyContactlessPaymentAmountInTransReport -->
  <testcase classname="com.lp.qa.testcases.ContactlessPaymentTests" name="TC12_CA_verifyContactlessPaymentPatientNameInTransReport" time="0.0">
    <skipped/>
  </testcase> <!-- TC12_CA_verifyContactlessPaymentPatientNameInTransReport -->
  <testcase classname="com.lp.qa.testcases.ContactlessPaymentTests" name="TC13_CA_verifyTransactionUserLoginIDInTransReport" time="0.0">
    <skipped/>
  </testcase> <!-- TC13_CA_verifyTransactionUserLoginIDInTransReport -->
  <testcase classname="com.lp.qa.testcases.ContactlessPaymentTests" name="TC14_CA_verifyContactlessPaymentTransCardNumberInTransReprot" time="0.0">
    <skipped/>
  </testcase> <!-- TC14_CA_verifyContactlessPaymentTransCardNumberInTransReprot -->
  <testcase classname="com.lp.qa.testcases.ContactlessPaymentTests" name="TC15_CA_verifyRefundForContactlessPaymentTransaction" time="0.0">
    <skipped/>
  </testcase> <!-- TC15_CA_verifyRefundForContactlessPaymentTransaction -->
  <testcase classname="com.lp.qa.testcases.ContactlessPaymentTests" name="TC16_CA_verifyRefundVoidForContactlessPaymentTransaction" time="0.0">
    <skipped/>
  </testcase> <!-- TC16_CA_verifyRefundVoidForContactlessPaymentTransaction -->
  <testcase classname="com.lp.qa.testcases.ContactlessPaymentTests" name="TC17_CA_verifyAuthorizeVoidForContactlessPaymentTransaction" time="0.0">
    <skipped/>
  </testcase> <!-- TC17_CA_verifyAuthorizeVoidForContactlessPaymentTransaction -->
  <testcase classname="com.lp.qa.testcases.ContactlessPaymentTests" name="TC18_CA_printReportOfCommReport" time="0.0">
    <skipped/>
  </testcase> <!-- TC18_CA_printReportOfCommReport -->
  <testcase classname="com.lp.qa.testcases.ContactlessPaymentTests" name="TC19_CA_ExportExcelOfCommReport" time="0.0">
    <skipped/>
  </testcase> <!-- TC19_CA_ExportExcelOfCommReport -->
  <testcase classname="com.lp.qa.testcases.ContactlessPaymentTests" name="TC20_CA_ViewTransactionsIconInCommReport" time="0.0">
    <skipped/>
  </testcase> <!-- TC20_CA_ViewTransactionsIconInCommReport -->
</testsuite> <!-- Default test -->
