<?xml version="1.0" encoding="UTF-8"?>
<!-- Generated by org.testng.reporters.JUnitXMLReporter -->
<testsuite ignored="0" hostname="LP00019" failures="8" tests="57" name="LP Test Cases" time="12.922" errors="0" timestamp="2021-04-05T17:35:56 IST">
  <testcase classname="com.lp.qa.testcases.ManualEntryPaymentsTest" name="@BeforeClass setup" time="2.118">
    <failure type="org.openqa.selenium.SessionNotCreatedException" message="session not created: This version of ChromeDriver only supports Chrome version 87
Current browser version is 89.0.4389.114 with binary path C:\Program Files (x86)\Google\Chrome\Application\chrome.exe
Build info: version: &amp;apos;3.141.59&amp;apos;, revision: &amp;apos;e82be7d358&amp;apos;, time: &amp;apos;2018-11-14T08:17:03&amp;apos;
System info: host: &amp;apos;LP00019&amp;apos;, ip: &amp;apos;10.100.10.231&amp;apos;, os.name: &amp;apos;Windows 10&amp;apos;, os.arch: &amp;apos;amd64&amp;apos;, os.version: &amp;apos;10.0&amp;apos;, java.version: &amp;apos;14.0.1&amp;apos;
Driver info: driver.version: ChromeDriver
remote stacktrace: Backtrace:
	Ordinal0 [0x0103C0C3+3326147]
	Ordinal0 [0x00F20851+2164817]
	Ordinal0 [0x00DA7298+619160]
	Ordinal0 [0x00D21D92+73106]
	Ordinal0 [0x00D1E119+57625]
	Ordinal0 [0x00D1C38A+50058]
	Ordinal0 [0x00D45F3E+220990]
	Ordinal0 [0x00D45CAC+220332]
	Ordinal0 [0x00D4189B+202907]
	Ordinal0 [0x00D23DF4+81396]
	Ordinal0 [0x00D24DEE+85486]
	Ordinal0 [0x00D24D79+85369]
	Ordinal0 [0x00F385DC+2262492]
	GetHandleVerifier [0x011C2874+1487204]
	GetHandleVerifier [0x011C23CD+1486013]
	GetHandleVerifier [0x011CA368+1518680]
	GetHandleVerifier [0x011C2F4E+1488958]
	Ordinal0 [0x00F2ED0D+2223373]
	Ordinal0 [0x00F3A12B+2269483]
	Ordinal0 [0x00F3A26F+2269807]
	Ordinal0 [0x00F4ECB8+2354360]
	BaseThreadInitThunk [0x75EBFA29+25]
	RtlGetAppContainerNamedObjectPath [0x76FF7C7E+286]
	RtlGetAppContainerNamedObjectPath [0x76FF7C4E+238]
">
      <![CDATA[org.openqa.selenium.SessionNotCreatedException: session not created: This version of ChromeDriver only supports Chrome version 87
Current browser version is 89.0.4389.114 with binary path C:\Program Files (x86)\Google\Chrome\Application\chrome.exe
Build info: version: '3.141.59', revision: 'e82be7d358', time: '2018-11-14T08:17:03'
System info: host: 'LP00019', ip: '10.100.10.231', os.name: 'Windows 10', os.arch: 'amd64', os.version: '10.0', java.version: '14.0.1'
Driver info: driver.version: ChromeDriver
remote stacktrace: Backtrace:
Ordinal0 [0x0103C0C3+3326147]
Ordinal0 [0x00F20851+2164817]
Ordinal0 [0x00DA7298+619160]
Ordinal0 [0x00D21D92+73106]
Ordinal0 [0x00D1E119+57625]
Ordinal0 [0x00D1C38A+50058]
Ordinal0 [0x00D45F3E+220990]
Ordinal0 [0x00D45CAC+220332]
Ordinal0 [0x00D4189B+202907]
Ordinal0 [0x00D23DF4+81396]
Ordinal0 [0x00D24DEE+85486]
Ordinal0 [0x00D24D79+85369]
Ordinal0 [0x00F385DC+2262492]
GetHandleVerifier [0x011C2874+1487204]
GetHandleVerifier [0x011C23CD+1486013]
GetHandleVerifier [0x011CA368+1518680]
GetHandleVerifier [0x011C2F4E+1488958]
Ordinal0 [0x00F2ED0D+2223373]
Ordinal0 [0x00F3A12B+2269483]
Ordinal0 [0x00F3A26F+2269807]
Ordinal0 [0x00F4ECB8+2354360]
BaseThreadInitThunk [0x75EBFA29+25]
RtlGetAppContainerNamedObjectPath [0x76FF7C7E+286]
RtlGetAppContainerNamedObjectPath [0x76FF7C4E+238]

at org.openqa.selenium.remote.W3CHandshakeResponse.lambda$errorHandler$0(W3CHandshakeResponse.java:62)
at org.openqa.selenium.remote.HandshakeResponse.lambda$getResponseFunction$0(HandshakeResponse.java:30)
at org.openqa.selenium.remote.ProtocolHandshake.lambda$createSession$0(ProtocolHandshake.java:126)
at java.base/java.util.stream.ReferencePipeline$3$1.accept(ReferencePipeline.java:195)
at java.base/java.util.Spliterators$ArraySpliterator.tryAdvance(Spliterators.java:958)
at java.base/java.util.stream.ReferencePipeline.forEachWithCancel(ReferencePipeline.java:127)
at java.base/java.util.stream.AbstractPipeline.copyIntoWithCancel(AbstractPipeline.java:502)
at java.base/java.util.stream.AbstractPipeline.copyInto(AbstractPipeline.java:488)
at java.base/java.util.stream.AbstractPipeline.wrapAndCopyInto(AbstractPipeline.java:474)
at java.base/java.util.stream.FindOps$FindOp.evaluateSequential(FindOps.java:150)
at java.base/java.util.stream.AbstractPipeline.evaluate(AbstractPipeline.java:234)
at java.base/java.util.stream.ReferencePipeline.findFirst(ReferencePipeline.java:543)
at org.openqa.selenium.remote.ProtocolHandshake.createSession(ProtocolHandshake.java:128)
at org.openqa.selenium.remote.ProtocolHandshake.createSession(ProtocolHandshake.java:74)
at org.openqa.selenium.remote.HttpCommandExecutor.execute(HttpCommandExecutor.java:136)
at org.openqa.selenium.remote.service.DriverCommandExecutor.execute(DriverCommandExecutor.java:83)
at org.openqa.selenium.remote.RemoteWebDriver.execute(RemoteWebDriver.java:552)
at org.openqa.selenium.remote.RemoteWebDriver.startSession(RemoteWebDriver.java:213)
at org.openqa.selenium.remote.RemoteWebDriver.<init>(RemoteWebDriver.java:131)
at org.openqa.selenium.chrome.ChromeDriver.<init>(ChromeDriver.java:181)
at org.openqa.selenium.chrome.ChromeDriver.<init>(ChromeDriver.java:168)
at org.openqa.selenium.chrome.ChromeDriver.<init>(ChromeDriver.java:123)
at com.lp.qa.base.TestBase.browserInitialization(TestBase.java:59)
at com.lp.qa.testcases.ManualEntryPaymentsTest.setup(ManualEntryPaymentsTest.java:47)
at java.base/java.util.ArrayList.forEach(ArrayList.java:1510)
... Removed 30 stack frames]]>
    </failure>
  </testcase> <!-- @BeforeClass setup -->
  <testcase classname="com.lp.qa.testcases.ManualEntryPaymentsTest" name="@AfterClass closeBrowser" time="-1.617624346799E9">
    <skipped/>
  </testcase> <!-- @AfterClass closeBrowser -->
  <testcase classname="com.lp.qa.testcases.ContactlessPaymentTests" name="@BeforeClass setup" time="1.319">
    <failure type="org.openqa.selenium.SessionNotCreatedException" message="session not created: This version of ChromeDriver only supports Chrome version 87
Current browser version is 89.0.4389.114 with binary path C:\Program Files (x86)\Google\Chrome\Application\chrome.exe
Build info: version: &amp;apos;3.141.59&amp;apos;, revision: &amp;apos;e82be7d358&amp;apos;, time: &amp;apos;2018-11-14T08:17:03&amp;apos;
System info: host: &amp;apos;LP00019&amp;apos;, ip: &amp;apos;10.100.10.231&amp;apos;, os.name: &amp;apos;Windows 10&amp;apos;, os.arch: &amp;apos;amd64&amp;apos;, os.version: &amp;apos;10.0&amp;apos;, java.version: &amp;apos;14.0.1&amp;apos;
Driver info: driver.version: ChromeDriver
remote stacktrace: Backtrace:
	Ordinal0 [0x0103C0C3+3326147]
	Ordinal0 [0x00F20851+2164817]
	Ordinal0 [0x00DA7298+619160]
	Ordinal0 [0x00D21D92+73106]
	Ordinal0 [0x00D1E119+57625]
	Ordinal0 [0x00D1C38A+50058]
	Ordinal0 [0x00D45F3E+220990]
	Ordinal0 [0x00D45CAC+220332]
	Ordinal0 [0x00D4189B+202907]
	Ordinal0 [0x00D23DF4+81396]
	Ordinal0 [0x00D24DEE+85486]
	Ordinal0 [0x00D24D79+85369]
	Ordinal0 [0x00F385DC+2262492]
	GetHandleVerifier [0x011C2874+1487204]
	GetHandleVerifier [0x011C23CD+1486013]
	GetHandleVerifier [0x011CA368+1518680]
	GetHandleVerifier [0x011C2F4E+1488958]
	Ordinal0 [0x00F2ED0D+2223373]
	Ordinal0 [0x00F3A12B+2269483]
	Ordinal0 [0x00F3A26F+2269807]
	Ordinal0 [0x00F4ECB8+2354360]
	BaseThreadInitThunk [0x75EBFA29+25]
	RtlGetAppContainerNamedObjectPath [0x76FF7C7E+286]
	RtlGetAppContainerNamedObjectPath [0x76FF7C4E+238]
">
      <![CDATA[org.openqa.selenium.SessionNotCreatedException: session not created: This version of ChromeDriver only supports Chrome version 87
Current browser version is 89.0.4389.114 with binary path C:\Program Files (x86)\Google\Chrome\Application\chrome.exe
Build info: version: '3.141.59', revision: 'e82be7d358', time: '2018-11-14T08:17:03'
System info: host: 'LP00019', ip: '10.100.10.231', os.name: 'Windows 10', os.arch: 'amd64', os.version: '10.0', java.version: '14.0.1'
Driver info: driver.version: ChromeDriver
remote stacktrace: Backtrace:
Ordinal0 [0x0103C0C3+3326147]
Ordinal0 [0x00F20851+2164817]
Ordinal0 [0x00DA7298+619160]
Ordinal0 [0x00D21D92+73106]
Ordinal0 [0x00D1E119+57625]
Ordinal0 [0x00D1C38A+50058]
Ordinal0 [0x00D45F3E+220990]
Ordinal0 [0x00D45CAC+220332]
Ordinal0 [0x00D4189B+202907]
Ordinal0 [0x00D23DF4+81396]
Ordinal0 [0x00D24DEE+85486]
Ordinal0 [0x00D24D79+85369]
Ordinal0 [0x00F385DC+2262492]
GetHandleVerifier [0x011C2874+1487204]
GetHandleVerifier [0x011C23CD+1486013]
GetHandleVerifier [0x011CA368+1518680]
GetHandleVerifier [0x011C2F4E+1488958]
Ordinal0 [0x00F2ED0D+2223373]
Ordinal0 [0x00F3A12B+2269483]
Ordinal0 [0x00F3A26F+2269807]
Ordinal0 [0x00F4ECB8+2354360]
BaseThreadInitThunk [0x75EBFA29+25]
RtlGetAppContainerNamedObjectPath [0x76FF7C7E+286]
RtlGetAppContainerNamedObjectPath [0x76FF7C4E+238]

at org.openqa.selenium.remote.W3CHandshakeResponse.lambda$errorHandler$0(W3CHandshakeResponse.java:62)
at org.openqa.selenium.remote.HandshakeResponse.lambda$getResponseFunction$0(HandshakeResponse.java:30)
at org.openqa.selenium.remote.ProtocolHandshake.lambda$createSession$0(ProtocolHandshake.java:126)
at java.base/java.util.stream.ReferencePipeline$3$1.accept(ReferencePipeline.java:195)
at java.base/java.util.Spliterators$ArraySpliterator.tryAdvance(Spliterators.java:958)
at java.base/java.util.stream.ReferencePipeline.forEachWithCancel(ReferencePipeline.java:127)
at java.base/java.util.stream.AbstractPipeline.copyIntoWithCancel(AbstractPipeline.java:502)
at java.base/java.util.stream.AbstractPipeline.copyInto(AbstractPipeline.java:488)
at java.base/java.util.stream.AbstractPipeline.wrapAndCopyInto(AbstractPipeline.java:474)
at java.base/java.util.stream.FindOps$FindOp.evaluateSequential(FindOps.java:150)
at java.base/java.util.stream.AbstractPipeline.evaluate(AbstractPipeline.java:234)
at java.base/java.util.stream.ReferencePipeline.findFirst(ReferencePipeline.java:543)
at org.openqa.selenium.remote.ProtocolHandshake.createSession(ProtocolHandshake.java:128)
at org.openqa.selenium.remote.ProtocolHandshake.createSession(ProtocolHandshake.java:74)
at org.openqa.selenium.remote.HttpCommandExecutor.execute(HttpCommandExecutor.java:136)
at org.openqa.selenium.remote.service.DriverCommandExecutor.execute(DriverCommandExecutor.java:83)
at org.openqa.selenium.remote.RemoteWebDriver.execute(RemoteWebDriver.java:552)
at org.openqa.selenium.remote.RemoteWebDriver.startSession(RemoteWebDriver.java:213)
at org.openqa.selenium.remote.RemoteWebDriver.<init>(RemoteWebDriver.java:131)
at org.openqa.selenium.chrome.ChromeDriver.<init>(ChromeDriver.java:181)
at org.openqa.selenium.chrome.ChromeDriver.<init>(ChromeDriver.java:168)
at org.openqa.selenium.chrome.ChromeDriver.<init>(ChromeDriver.java:123)
at com.lp.qa.base.TestBase.browserInitialization(TestBase.java:59)
at com.lp.qa.testcases.ContactlessPaymentTests.setup(ContactlessPaymentTests.java:47)
at java.base/java.util.ArrayList.forEach(ArrayList.java:1510)
... Removed 30 stack frames]]>
    </failure>
  </testcase> <!-- @BeforeClass setup -->
  <testcase classname="com.lp.qa.testcases.ContactlessPaymentTests" name="@AfterClass closeBrowser" time="-1.617624348215E9">
    <skipped/>
  </testcase> <!-- @AfterClass closeBrowser -->
  <testcase classname="com.lp.qa.testcases.PatientResponsiblityTests" name="@BeforeClass setup" time="2.32">
    <failure type="org.openqa.selenium.SessionNotCreatedException" message="session not created: This version of ChromeDriver only supports Chrome version 87
Current browser version is 89.0.4389.114 with binary path C:\Program Files (x86)\Google\Chrome\Application\chrome.exe
Build info: version: &amp;apos;3.141.59&amp;apos;, revision: &amp;apos;e82be7d358&amp;apos;, time: &amp;apos;2018-11-14T08:17:03&amp;apos;
System info: host: &amp;apos;LP00019&amp;apos;, ip: &amp;apos;10.100.10.231&amp;apos;, os.name: &amp;apos;Windows 10&amp;apos;, os.arch: &amp;apos;amd64&amp;apos;, os.version: &amp;apos;10.0&amp;apos;, java.version: &amp;apos;14.0.1&amp;apos;
Driver info: driver.version: ChromeDriver
remote stacktrace: Backtrace:
	Ordinal0 [0x0103C0C3+3326147]
	Ordinal0 [0x00F20851+2164817]
	Ordinal0 [0x00DA7298+619160]
	Ordinal0 [0x00D21D92+73106]
	Ordinal0 [0x00D1E119+57625]
	Ordinal0 [0x00D1C38A+50058]
	Ordinal0 [0x00D45F3E+220990]
	Ordinal0 [0x00D45CAC+220332]
	Ordinal0 [0x00D4189B+202907]
	Ordinal0 [0x00D23DF4+81396]
	Ordinal0 [0x00D24DEE+85486]
	Ordinal0 [0x00D24D79+85369]
	Ordinal0 [0x00F385DC+2262492]
	GetHandleVerifier [0x011C2874+1487204]
	GetHandleVerifier [0x011C23CD+1486013]
	GetHandleVerifier [0x011CA368+1518680]
	GetHandleVerifier [0x011C2F4E+1488958]
	Ordinal0 [0x00F2ED0D+2223373]
	Ordinal0 [0x00F3A12B+2269483]
	Ordinal0 [0x00F3A26F+2269807]
	Ordinal0 [0x00F4ECB8+2354360]
	BaseThreadInitThunk [0x75EBFA29+25]
	RtlGetAppContainerNamedObjectPath [0x76FF7C7E+286]
	RtlGetAppContainerNamedObjectPath [0x76FF7C4E+238]
">
      <![CDATA[org.openqa.selenium.SessionNotCreatedException: session not created: This version of ChromeDriver only supports Chrome version 87
Current browser version is 89.0.4389.114 with binary path C:\Program Files (x86)\Google\Chrome\Application\chrome.exe
Build info: version: '3.141.59', revision: 'e82be7d358', time: '2018-11-14T08:17:03'
System info: host: 'LP00019', ip: '10.100.10.231', os.name: 'Windows 10', os.arch: 'amd64', os.version: '10.0', java.version: '14.0.1'
Driver info: driver.version: ChromeDriver
remote stacktrace: Backtrace:
Ordinal0 [0x0103C0C3+3326147]
Ordinal0 [0x00F20851+2164817]
Ordinal0 [0x00DA7298+619160]
Ordinal0 [0x00D21D92+73106]
Ordinal0 [0x00D1E119+57625]
Ordinal0 [0x00D1C38A+50058]
Ordinal0 [0x00D45F3E+220990]
Ordinal0 [0x00D45CAC+220332]
Ordinal0 [0x00D4189B+202907]
Ordinal0 [0x00D23DF4+81396]
Ordinal0 [0x00D24DEE+85486]
Ordinal0 [0x00D24D79+85369]
Ordinal0 [0x00F385DC+2262492]
GetHandleVerifier [0x011C2874+1487204]
GetHandleVerifier [0x011C23CD+1486013]
GetHandleVerifier [0x011CA368+1518680]
GetHandleVerifier [0x011C2F4E+1488958]
Ordinal0 [0x00F2ED0D+2223373]
Ordinal0 [0x00F3A12B+2269483]
Ordinal0 [0x00F3A26F+2269807]
Ordinal0 [0x00F4ECB8+2354360]
BaseThreadInitThunk [0x75EBFA29+25]
RtlGetAppContainerNamedObjectPath [0x76FF7C7E+286]
RtlGetAppContainerNamedObjectPath [0x76FF7C4E+238]

at org.openqa.selenium.remote.W3CHandshakeResponse.lambda$errorHandler$0(W3CHandshakeResponse.java:62)
at org.openqa.selenium.remote.HandshakeResponse.lambda$getResponseFunction$0(HandshakeResponse.java:30)
at org.openqa.selenium.remote.ProtocolHandshake.lambda$createSession$0(ProtocolHandshake.java:126)
at java.base/java.util.stream.ReferencePipeline$3$1.accept(ReferencePipeline.java:195)
at java.base/java.util.Spliterators$ArraySpliterator.tryAdvance(Spliterators.java:958)
at java.base/java.util.stream.ReferencePipeline.forEachWithCancel(ReferencePipeline.java:127)
at java.base/java.util.stream.AbstractPipeline.copyIntoWithCancel(AbstractPipeline.java:502)
at java.base/java.util.stream.AbstractPipeline.copyInto(AbstractPipeline.java:488)
at java.base/java.util.stream.AbstractPipeline.wrapAndCopyInto(AbstractPipeline.java:474)
at java.base/java.util.stream.FindOps$FindOp.evaluateSequential(FindOps.java:150)
at java.base/java.util.stream.AbstractPipeline.evaluate(AbstractPipeline.java:234)
at java.base/java.util.stream.ReferencePipeline.findFirst(ReferencePipeline.java:543)
at org.openqa.selenium.remote.ProtocolHandshake.createSession(ProtocolHandshake.java:128)
at org.openqa.selenium.remote.ProtocolHandshake.createSession(ProtocolHandshake.java:74)
at org.openqa.selenium.remote.HttpCommandExecutor.execute(HttpCommandExecutor.java:136)
at org.openqa.selenium.remote.service.DriverCommandExecutor.execute(DriverCommandExecutor.java:83)
at org.openqa.selenium.remote.RemoteWebDriver.execute(RemoteWebDriver.java:552)
at org.openqa.selenium.remote.RemoteWebDriver.startSession(RemoteWebDriver.java:213)
at org.openqa.selenium.remote.RemoteWebDriver.<init>(RemoteWebDriver.java:131)
at org.openqa.selenium.chrome.ChromeDriver.<init>(ChromeDriver.java:181)
at org.openqa.selenium.chrome.ChromeDriver.<init>(ChromeDriver.java:168)
at org.openqa.selenium.chrome.ChromeDriver.<init>(ChromeDriver.java:123)
at com.lp.qa.base.TestBase.browserInitialization(TestBase.java:59)
at com.lp.qa.testcases.PatientResponsiblityTests.setup(PatientResponsiblityTests.java:57)
at java.base/java.util.ArrayList.forEach(ArrayList.java:1510)
... Removed 30 stack frames]]>
    </failure>
  </testcase> <!-- @BeforeClass setup -->
  <testcase classname="com.lp.qa.testcases.PatientResponsiblityTests" name="@AfterClass closeBrowser" time="-1.61762435065E9">
    <skipped/>
  </testcase> <!-- @AfterClass closeBrowser -->
  <testcase classname="com.lp.qa.testcases.RecurringBillingTests" name="@AfterClass closeBrowser" time="0.0">
    <failure type="java.lang.NullPointerException">
      <![CDATA[java.lang.NullPointerException
at com.lp.qa.testcases.RecurringBillingTests.closeBrowser(RecurringBillingTests.java:348)
at java.base/java.util.ArrayList.forEach(ArrayList.java:1510)
... Removed 25 stack frames]]>
    </failure>
  </testcase> <!-- @AfterClass closeBrowser -->
  <testcase classname="com.lp.qa.testcases.ManualEntryPaymentsTest" name="TC01_ME_Transaction" time="0.0">
    <skipped/>
  </testcase> <!-- TC01_ME_Transaction -->
  <testcase classname="com.lp.qa.testcases.ManualEntryPaymentsTest" name="TC02_ME_verifyTransactionStatus" time="0.0">
    <skipped/>
  </testcase> <!-- TC02_ME_verifyTransactionStatus -->
  <testcase classname="com.lp.qa.testcases.ManualEntryPaymentsTest" name="TC03_ME_verifyTransactionAmount" time="0.0">
    <skipped/>
  </testcase> <!-- TC03_ME_verifyTransactionAmount -->
  <testcase classname="com.lp.qa.testcases.ManualEntryPaymentsTest" name="TC04_ME_verifyTransactionPatientName" time="0.0">
    <skipped/>
  </testcase> <!-- TC04_ME_verifyTransactionPatientName -->
  <testcase classname="com.lp.qa.testcases.ManualEntryPaymentsTest" name="TC07_ME_verifyTransactionUserLoginID" time="0.0">
    <skipped/>
  </testcase> <!-- TC07_ME_verifyTransactionUserLoginID -->
  <testcase classname="com.lp.qa.testcases.ManualEntryPaymentsTest" name="TC08_ME_verifyTransactionCardNumber" time="0.0">
    <skipped/>
  </testcase> <!-- TC08_ME_verifyTransactionCardNumber -->
  <testcase classname="com.lp.qa.testcases.ManualEntryPaymentsTest" name="TC09_ME_verifyTransactionID" time="0.0">
    <skipped/>
  </testcase> <!-- TC09_ME_verifyTransactionID -->
  <testcase classname="com.lp.qa.testcases.ManualEntryPaymentsTest" name="TC10_ME_verifyRefund" time="0.0">
    <skipped/>
  </testcase> <!-- TC10_ME_verifyRefund -->
  <testcase classname="com.lp.qa.testcases.ManualEntryPaymentsTest" name="TC11_ME_RefundVoid" time="0.0">
    <skipped/>
  </testcase> <!-- TC11_ME_RefundVoid -->
  <testcase classname="com.lp.qa.testcases.ManualEntryPaymentsTest" name="TC12_ME_verifyAuthVoid" time="0.0">
    <skipped/>
  </testcase> <!-- TC12_ME_verifyAuthVoid -->
  <testcase classname="com.lp.qa.testcases.ManualEntryPaymentsTest" name="TC13_ME_verifyGridExportIcon" time="0.0">
    <skipped/>
  </testcase> <!-- TC13_ME_verifyGridExportIcon -->
  <testcase classname="com.lp.qa.testcases.ManualEntryPaymentsTest" name="TC14_ME_verifyGridRecieptIcon" time="0.0">
    <skipped/>
  </testcase> <!-- TC14_ME_verifyGridRecieptIcon -->
  <testcase classname="com.lp.qa.testcases.ManualEntryPaymentsTest" name="TC15_ME_verifySettlementReprot" time="0.0">
    <skipped/>
  </testcase> <!-- TC15_ME_verifySettlementReprot -->
  <testcase classname="com.lp.qa.testcases.ContactlessPaymentTests" name="TC01_CA_ContactlessPatientPaymentForm" time="0.0">
    <skipped/>
  </testcase> <!-- TC01_CA_ContactlessPatientPaymentForm -->
  <testcase classname="com.lp.qa.testcases.ContactlessPaymentTests" name="TC02_CA_VerifyContaclessPatientAmountInCommReport" time="0.0">
    <skipped/>
  </testcase> <!-- TC02_CA_VerifyContaclessPatientAmountInCommReport -->
  <testcase classname="com.lp.qa.testcases.ContactlessPaymentTests" name="TC03_CA_VerifyUserLoginIDInCommReport" time="0.0">
    <skipped/>
  </testcase> <!-- TC03_CA_VerifyUserLoginIDInCommReport -->
  <testcase classname="com.lp.qa.testcases.ContactlessPaymentTests" name="TC04_CA_verifyProviderNameInCommReport" time="0.0">
    <skipped/>
  </testcase> <!-- TC04_CA_verifyProviderNameInCommReport -->
  <testcase classname="com.lp.qa.testcases.ContactlessPaymentTests" name="TC05_CA_verifyResendSMSEmailFunInCommReport" time="0.0">
    <skipped/>
  </testcase> <!-- TC05_CA_verifyResendSMSEmailFunInCommReport -->
  <testcase classname="com.lp.qa.testcases.ContactlessPaymentTests" name="TC06_CA_VerifyContaclessPaymentPaymentlink" time="0.0">
    <skipped/>
  </testcase> <!-- TC06_CA_VerifyContaclessPaymentPaymentlink -->
  <testcase classname="com.lp.qa.testcases.ContactlessPaymentTests" name="TC07_CA_InitiateContactLessPaymentWithCollectCardLink" time="0.0">
    <skipped/>
  </testcase> <!-- TC07_CA_InitiateContactLessPaymentWithCollectCardLink -->
  <testcase classname="com.lp.qa.testcases.ContactlessPaymentTests" name="TC08_CA_verifyContactLessPaymentTransStatusInTransactionReport" time="0.0">
    <skipped/>
  </testcase> <!-- TC08_CA_verifyContactLessPaymentTransStatusInTransactionReport -->
  <testcase classname="com.lp.qa.testcases.ContactlessPaymentTests" name="TC11_CA_verifyContactlessPaymentAmountInTransReport" time="0.0">
    <skipped/>
  </testcase> <!-- TC11_CA_verifyContactlessPaymentAmountInTransReport -->
  <testcase classname="com.lp.qa.testcases.ContactlessPaymentTests" name="TC12_CA_verifyContactlessPaymentPatientNameInTransReport" time="0.0">
    <skipped/>
  </testcase> <!-- TC12_CA_verifyContactlessPaymentPatientNameInTransReport -->
  <testcase classname="com.lp.qa.testcases.ContactlessPaymentTests" name="TC13_CA_verifyTransactionUserLoginIDInTransReport" time="0.0">
    <skipped/>
  </testcase> <!-- TC13_CA_verifyTransactionUserLoginIDInTransReport -->
  <testcase classname="com.lp.qa.testcases.ContactlessPaymentTests" name="TC14_CA_verifyContactlessPaymentTransCardNumberInTransReprot" time="0.0">
    <skipped/>
  </testcase> <!-- TC14_CA_verifyContactlessPaymentTransCardNumberInTransReprot -->
  <testcase classname="com.lp.qa.testcases.ContactlessPaymentTests" name="TC15_CA_verifyRefundForContactlessPaymentTransaction" time="0.0">
    <skipped/>
  </testcase> <!-- TC15_CA_verifyRefundForContactlessPaymentTransaction -->
  <testcase classname="com.lp.qa.testcases.ContactlessPaymentTests" name="TC16_CA_verifyRefundVoidForContactlessPaymentTransaction" time="0.0">
    <skipped/>
  </testcase> <!-- TC16_CA_verifyRefundVoidForContactlessPaymentTransaction -->
  <testcase classname="com.lp.qa.testcases.ContactlessPaymentTests" name="TC17_CA_verifyAuthorizeVoidForContactlessPaymentTransaction" time="0.0">
    <skipped/>
  </testcase> <!-- TC17_CA_verifyAuthorizeVoidForContactlessPaymentTransaction -->
  <testcase classname="com.lp.qa.testcases.ContactlessPaymentTests" name="TC18_CA_printReportOfCommReport" time="0.0">
    <skipped/>
  </testcase> <!-- TC18_CA_printReportOfCommReport -->
  <testcase classname="com.lp.qa.testcases.ContactlessPaymentTests" name="TC19_CA_ExportExcelOfCommReport" time="0.0">
    <skipped/>
  </testcase> <!-- TC19_CA_ExportExcelOfCommReport -->
  <testcase classname="com.lp.qa.testcases.ContactlessPaymentTests" name="TC20_CA_ViewTransactionsIconInCommReport" time="0.0">
    <skipped/>
  </testcase> <!-- TC20_CA_ViewTransactionsIconInCommReport -->
  <testcase classname="com.lp.qa.testcases.PatientResponsiblityTests" name="TC01_PR_VerifyPatRespWithInsurancePayment" time="0.0">
    <skipped/>
  </testcase> <!-- TC01_PR_VerifyPatRespWithInsurancePayment -->
  <testcase classname="com.lp.qa.testcases.PatientResponsiblityTests" name="TC02_PR_VerifyAmountInCommReport" time="0.0">
    <skipped/>
  </testcase> <!-- TC02_PR_VerifyAmountInCommReport -->
  <testcase classname="com.lp.qa.testcases.PatientResponsiblityTests" name="TC03_PR_VerifyCollectCardPageforNewPatient" time="0.0">
    <skipped/>
  </testcase> <!-- TC03_PR_VerifyCollectCardPageforNewPatient -->
  <testcase classname="com.lp.qa.testcases.PatientResponsiblityTests" name="TC06_PR_verifyPRWithInsAmountInCommReport" time="0.0">
    <skipped/>
  </testcase> <!-- TC06_PR_verifyPRWithInsAmountInCommReport -->
  <testcase classname="com.lp.qa.testcases.PatientResponsiblityTests" name="TC07_PR_verifyPRWithInsPatientNameInCommReport" time="0.0">
    <skipped/>
  </testcase> <!-- TC07_PR_verifyPRWithInsPatientNameInCommReport -->
  <testcase classname="com.lp.qa.testcases.PatientResponsiblityTests" name="TC08_PR_verifyPRWithInsLoginIDInCommReport" time="0.0">
    <skipped/>
  </testcase> <!-- TC08_PR_verifyPRWithInsLoginIDInCommReport -->
  <testcase classname="com.lp.qa.testcases.PatientResponsiblityTests" name="TC09_PR_verifyRefundFuctionalityForPatientResponTransaction" time="0.0">
    <skipped/>
  </testcase> <!-- TC09_PR_verifyRefundFuctionalityForPatientResponTransaction -->
  <testcase classname="com.lp.qa.testcases.PatientResponsiblityTests" name="TC10_PR_verifyRefundVoidFunctForPatRespTransaction" time="0.0">
    <skipped/>
  </testcase> <!-- TC10_PR_verifyRefundVoidFunctForPatRespTransaction -->
  <testcase classname="com.lp.qa.testcases.PatientResponsiblityTests" name="TC11_PR_verifyVoidfunctforPatientRespTransaction" time="0.0">
    <skipped/>
  </testcase> <!-- TC11_PR_verifyVoidfunctforPatientRespTransaction -->
  <testcase classname="com.lp.qa.testcases.PatientResponsiblityTests" name="TC12_PR_PatientRespFormWithoutInsurance" time="0.0">
    <skipped/>
  </testcase> <!-- TC12_PR_PatientRespFormWithoutInsurance -->
  <testcase classname="com.lp.qa.testcases.PatientResponsiblityTests" name="TC13_PR_VerifyPatientResponsibilityWithoutInsurance" time="0.0">
    <skipped/>
  </testcase> <!-- TC13_PR_VerifyPatientResponsibilityWithoutInsurance -->
  <testcase classname="com.lp.qa.testcases.PatientResponsiblityTests" name="TC15_PR_verifyPRWithoutInsTransactionStatus" time="0.0">
    <skipped/>
  </testcase> <!-- TC15_PR_verifyPRWithoutInsTransactionStatus -->
  <testcase classname="com.lp.qa.testcases.PatientResponsiblityTests" name="TC17_PR_verifyPRWithoutInsTransactionAmount" time="0.0">
    <skipped/>
  </testcase> <!-- TC17_PR_verifyPRWithoutInsTransactionAmount -->
  <testcase classname="com.lp.qa.testcases.PatientResponsiblityTests" name="TC18_PR_verifyPRWithoutInsTransactionPatientName" time="0.0">
    <skipped/>
  </testcase> <!-- TC18_PR_verifyPRWithoutInsTransactionPatientName -->
  <testcase classname="com.lp.qa.testcases.PatientResponsiblityTests" name="TC19_PR_verifyPRWithoutInsTransactionUserLoginID" time="0.0">
    <skipped/>
  </testcase> <!-- TC19_PR_verifyPRWithoutInsTransactionUserLoginID -->
  <testcase classname="com.lp.qa.testcases.PatientResponsiblityTests" name="TC20_PR_verifyPRWithoutInsTransactionRefund" time="0.0">
    <skipped/>
  </testcase> <!-- TC20_PR_verifyPRWithoutInsTransactionRefund -->
  <testcase classname="com.lp.qa.testcases.PatientResponsiblityTests" name="TC21_PR_verifyPRWithoutInsTransactionRefundVoid" time="0.0">
    <skipped/>
  </testcase> <!-- TC21_PR_verifyPRWithoutInsTransactionRefundVoid -->
  <testcase classname="com.lp.qa.testcases.PatientResponsiblityTests" name="TC22_PR_verifyPRwithoutInsTransactionAuthVoid" time="0.0">
    <skipped/>
  </testcase> <!-- TC22_PR_verifyPRwithoutInsTransactionAuthVoid -->
  <testcase classname="com.lp.qa.testcases.RecurringBillingTests" name="TC01_RB_CardEntryByProvider_transaction" time="1.392">
    <failure type="org.openqa.selenium.SessionNotCreatedException" message="session not created: This version of ChromeDriver only supports Chrome version 87
Current browser version is 89.0.4389.114 with binary path C:\Program Files (x86)\Google\Chrome\Application\chrome.exe
Build info: version: &amp;apos;3.141.59&amp;apos;, revision: &amp;apos;e82be7d358&amp;apos;, time: &amp;apos;2018-11-14T08:17:03&amp;apos;
System info: host: &amp;apos;LP00019&amp;apos;, ip: &amp;apos;10.100.10.231&amp;apos;, os.name: &amp;apos;Windows 10&amp;apos;, os.arch: &amp;apos;amd64&amp;apos;, os.version: &amp;apos;10.0&amp;apos;, java.version: &amp;apos;14.0.1&amp;apos;
Driver info: driver.version: ChromeDriver
remote stacktrace: Backtrace:
	Ordinal0 [0x0103C0C3+3326147]
	Ordinal0 [0x00F20851+2164817]
	Ordinal0 [0x00DA7298+619160]
	Ordinal0 [0x00D21D92+73106]
	Ordinal0 [0x00D1E119+57625]
	Ordinal0 [0x00D1C38A+50058]
	Ordinal0 [0x00D45F3E+220990]
	Ordinal0 [0x00D45CAC+220332]
	Ordinal0 [0x00D4189B+202907]
	Ordinal0 [0x00D23DF4+81396]
	Ordinal0 [0x00D24DEE+85486]
	Ordinal0 [0x00D24D79+85369]
	Ordinal0 [0x00F385DC+2262492]
	GetHandleVerifier [0x011C2874+1487204]
	GetHandleVerifier [0x011C23CD+1486013]
	GetHandleVerifier [0x011CA368+1518680]
	GetHandleVerifier [0x011C2F4E+1488958]
	Ordinal0 [0x00F2ED0D+2223373]
	Ordinal0 [0x00F3A12B+2269483]
	Ordinal0 [0x00F3A26F+2269807]
	Ordinal0 [0x00F4ECB8+2354360]
	BaseThreadInitThunk [0x75EBFA29+25]
	RtlGetAppContainerNamedObjectPath [0x76FF7C7E+286]
	RtlGetAppContainerNamedObjectPath [0x76FF7C4E+238]
">
      <![CDATA[org.openqa.selenium.SessionNotCreatedException: session not created: This version of ChromeDriver only supports Chrome version 87
Current browser version is 89.0.4389.114 with binary path C:\Program Files (x86)\Google\Chrome\Application\chrome.exe
Build info: version: '3.141.59', revision: 'e82be7d358', time: '2018-11-14T08:17:03'
System info: host: 'LP00019', ip: '10.100.10.231', os.name: 'Windows 10', os.arch: 'amd64', os.version: '10.0', java.version: '14.0.1'
Driver info: driver.version: ChromeDriver
remote stacktrace: Backtrace:
Ordinal0 [0x0103C0C3+3326147]
Ordinal0 [0x00F20851+2164817]
Ordinal0 [0x00DA7298+619160]
Ordinal0 [0x00D21D92+73106]
Ordinal0 [0x00D1E119+57625]
Ordinal0 [0x00D1C38A+50058]
Ordinal0 [0x00D45F3E+220990]
Ordinal0 [0x00D45CAC+220332]
Ordinal0 [0x00D4189B+202907]
Ordinal0 [0x00D23DF4+81396]
Ordinal0 [0x00D24DEE+85486]
Ordinal0 [0x00D24D79+85369]
Ordinal0 [0x00F385DC+2262492]
GetHandleVerifier [0x011C2874+1487204]
GetHandleVerifier [0x011C23CD+1486013]
GetHandleVerifier [0x011CA368+1518680]
GetHandleVerifier [0x011C2F4E+1488958]
Ordinal0 [0x00F2ED0D+2223373]
Ordinal0 [0x00F3A12B+2269483]
Ordinal0 [0x00F3A26F+2269807]
Ordinal0 [0x00F4ECB8+2354360]
BaseThreadInitThunk [0x75EBFA29+25]
RtlGetAppContainerNamedObjectPath [0x76FF7C7E+286]
RtlGetAppContainerNamedObjectPath [0x76FF7C4E+238]

at org.openqa.selenium.remote.W3CHandshakeResponse.lambda$errorHandler$0(W3CHandshakeResponse.java:62)
at org.openqa.selenium.remote.HandshakeResponse.lambda$getResponseFunction$0(HandshakeResponse.java:30)
at org.openqa.selenium.remote.ProtocolHandshake.lambda$createSession$0(ProtocolHandshake.java:126)
at java.base/java.util.stream.ReferencePipeline$3$1.accept(ReferencePipeline.java:195)
at java.base/java.util.Spliterators$ArraySpliterator.tryAdvance(Spliterators.java:958)
at java.base/java.util.stream.ReferencePipeline.forEachWithCancel(ReferencePipeline.java:127)
at java.base/java.util.stream.AbstractPipeline.copyIntoWithCancel(AbstractPipeline.java:502)
at java.base/java.util.stream.AbstractPipeline.copyInto(AbstractPipeline.java:488)
at java.base/java.util.stream.AbstractPipeline.wrapAndCopyInto(AbstractPipeline.java:474)
at java.base/java.util.stream.FindOps$FindOp.evaluateSequential(FindOps.java:150)
at java.base/java.util.stream.AbstractPipeline.evaluate(AbstractPipeline.java:234)
at java.base/java.util.stream.ReferencePipeline.findFirst(ReferencePipeline.java:543)
at org.openqa.selenium.remote.ProtocolHandshake.createSession(ProtocolHandshake.java:128)
at org.openqa.selenium.remote.ProtocolHandshake.createSession(ProtocolHandshake.java:74)
at org.openqa.selenium.remote.HttpCommandExecutor.execute(HttpCommandExecutor.java:136)
at org.openqa.selenium.remote.service.DriverCommandExecutor.execute(DriverCommandExecutor.java:83)
at org.openqa.selenium.remote.RemoteWebDriver.execute(RemoteWebDriver.java:552)
at org.openqa.selenium.remote.RemoteWebDriver.startSession(RemoteWebDriver.java:213)
at org.openqa.selenium.remote.RemoteWebDriver.<init>(RemoteWebDriver.java:131)
at org.openqa.selenium.chrome.ChromeDriver.<init>(ChromeDriver.java:181)
at org.openqa.selenium.chrome.ChromeDriver.<init>(ChromeDriver.java:168)
at org.openqa.selenium.chrome.ChromeDriver.<init>(ChromeDriver.java:123)
at com.lp.qa.base.TestBase.browserInitialization(TestBase.java:59)
at com.lp.qa.testcases.RecurringBillingTests.TC01_RB_CardEntryByProvider_transaction(RecurringBillingTests.java:84)
at java.base/java.util.ArrayList.forEach(ArrayList.java:1510)
... Removed 32 stack frames]]>
    </failure>
  </testcase> <!-- TC01_RB_CardEntryByProvider_transaction -->
  <testcase classname="com.lp.qa.testcases.RecurringBillingTests" name="TC04_RB_VerifyStartDateInScheduleRecurringPopUp" time="1.431">
    <failure type="org.openqa.selenium.SessionNotCreatedException" message="session not created: This version of ChromeDriver only supports Chrome version 87
Current browser version is 89.0.4389.114 with binary path C:\Program Files (x86)\Google\Chrome\Application\chrome.exe
Build info: version: &amp;apos;3.141.59&amp;apos;, revision: &amp;apos;e82be7d358&amp;apos;, time: &amp;apos;2018-11-14T08:17:03&amp;apos;
System info: host: &amp;apos;LP00019&amp;apos;, ip: &amp;apos;10.100.10.231&amp;apos;, os.name: &amp;apos;Windows 10&amp;apos;, os.arch: &amp;apos;amd64&amp;apos;, os.version: &amp;apos;10.0&amp;apos;, java.version: &amp;apos;14.0.1&amp;apos;
Driver info: driver.version: ChromeDriver
remote stacktrace: Backtrace:
	Ordinal0 [0x0103C0C3+3326147]
	Ordinal0 [0x00F20851+2164817]
	Ordinal0 [0x00DA7298+619160]
	Ordinal0 [0x00D21D92+73106]
	Ordinal0 [0x00D1E119+57625]
	Ordinal0 [0x00D1C38A+50058]
	Ordinal0 [0x00D45F3E+220990]
	Ordinal0 [0x00D45CAC+220332]
	Ordinal0 [0x00D4189B+202907]
	Ordinal0 [0x00D23DF4+81396]
	Ordinal0 [0x00D24DEE+85486]
	Ordinal0 [0x00D24D79+85369]
	Ordinal0 [0x00F385DC+2262492]
	GetHandleVerifier [0x011C2874+1487204]
	GetHandleVerifier [0x011C23CD+1486013]
	GetHandleVerifier [0x011CA368+1518680]
	GetHandleVerifier [0x011C2F4E+1488958]
	Ordinal0 [0x00F2ED0D+2223373]
	Ordinal0 [0x00F3A12B+2269483]
	Ordinal0 [0x00F3A26F+2269807]
	Ordinal0 [0x00F4ECB8+2354360]
	BaseThreadInitThunk [0x75EBFA29+25]
	RtlGetAppContainerNamedObjectPath [0x76FF7C7E+286]
	RtlGetAppContainerNamedObjectPath [0x76FF7C4E+238]
">
      <![CDATA[org.openqa.selenium.SessionNotCreatedException: session not created: This version of ChromeDriver only supports Chrome version 87
Current browser version is 89.0.4389.114 with binary path C:\Program Files (x86)\Google\Chrome\Application\chrome.exe
Build info: version: '3.141.59', revision: 'e82be7d358', time: '2018-11-14T08:17:03'
System info: host: 'LP00019', ip: '10.100.10.231', os.name: 'Windows 10', os.arch: 'amd64', os.version: '10.0', java.version: '14.0.1'
Driver info: driver.version: ChromeDriver
remote stacktrace: Backtrace:
Ordinal0 [0x0103C0C3+3326147]
Ordinal0 [0x00F20851+2164817]
Ordinal0 [0x00DA7298+619160]
Ordinal0 [0x00D21D92+73106]
Ordinal0 [0x00D1E119+57625]
Ordinal0 [0x00D1C38A+50058]
Ordinal0 [0x00D45F3E+220990]
Ordinal0 [0x00D45CAC+220332]
Ordinal0 [0x00D4189B+202907]
Ordinal0 [0x00D23DF4+81396]
Ordinal0 [0x00D24DEE+85486]
Ordinal0 [0x00D24D79+85369]
Ordinal0 [0x00F385DC+2262492]
GetHandleVerifier [0x011C2874+1487204]
GetHandleVerifier [0x011C23CD+1486013]
GetHandleVerifier [0x011CA368+1518680]
GetHandleVerifier [0x011C2F4E+1488958]
Ordinal0 [0x00F2ED0D+2223373]
Ordinal0 [0x00F3A12B+2269483]
Ordinal0 [0x00F3A26F+2269807]
Ordinal0 [0x00F4ECB8+2354360]
BaseThreadInitThunk [0x75EBFA29+25]
RtlGetAppContainerNamedObjectPath [0x76FF7C7E+286]
RtlGetAppContainerNamedObjectPath [0x76FF7C4E+238]

at org.openqa.selenium.remote.W3CHandshakeResponse.lambda$errorHandler$0(W3CHandshakeResponse.java:62)
at org.openqa.selenium.remote.HandshakeResponse.lambda$getResponseFunction$0(HandshakeResponse.java:30)
at org.openqa.selenium.remote.ProtocolHandshake.lambda$createSession$0(ProtocolHandshake.java:126)
at java.base/java.util.stream.ReferencePipeline$3$1.accept(ReferencePipeline.java:195)
at java.base/java.util.Spliterators$ArraySpliterator.tryAdvance(Spliterators.java:958)
at java.base/java.util.stream.ReferencePipeline.forEachWithCancel(ReferencePipeline.java:127)
at java.base/java.util.stream.AbstractPipeline.copyIntoWithCancel(AbstractPipeline.java:502)
at java.base/java.util.stream.AbstractPipeline.copyInto(AbstractPipeline.java:488)
at java.base/java.util.stream.AbstractPipeline.wrapAndCopyInto(AbstractPipeline.java:474)
at java.base/java.util.stream.FindOps$FindOp.evaluateSequential(FindOps.java:150)
at java.base/java.util.stream.AbstractPipeline.evaluate(AbstractPipeline.java:234)
at java.base/java.util.stream.ReferencePipeline.findFirst(ReferencePipeline.java:543)
at org.openqa.selenium.remote.ProtocolHandshake.createSession(ProtocolHandshake.java:128)
at org.openqa.selenium.remote.ProtocolHandshake.createSession(ProtocolHandshake.java:74)
at org.openqa.selenium.remote.HttpCommandExecutor.execute(HttpCommandExecutor.java:136)
at org.openqa.selenium.remote.service.DriverCommandExecutor.execute(DriverCommandExecutor.java:83)
at org.openqa.selenium.remote.RemoteWebDriver.execute(RemoteWebDriver.java:552)
at org.openqa.selenium.remote.RemoteWebDriver.startSession(RemoteWebDriver.java:213)
at org.openqa.selenium.remote.RemoteWebDriver.<init>(RemoteWebDriver.java:131)
at org.openqa.selenium.chrome.ChromeDriver.<init>(ChromeDriver.java:181)
at org.openqa.selenium.chrome.ChromeDriver.<init>(ChromeDriver.java:168)
at org.openqa.selenium.chrome.ChromeDriver.<init>(ChromeDriver.java:123)
at com.lp.qa.base.TestBase.browserInitialization(TestBase.java:59)
at com.lp.qa.testcases.RecurringBillingTests.TC04_RB_VerifyStartDateInScheduleRecurringPopUp(RecurringBillingTests.java:138)
at java.base/java.util.ArrayList.forEach(ArrayList.java:1510)
... Removed 32 stack frames]]>
    </failure>
  </testcase> <!-- TC04_RB_VerifyStartDateInScheduleRecurringPopUp -->
  <testcase classname="com.lp.qa.testcases.RecurringBillingTests" name="TC05_VerifyEndDateInScheduleRecurringPopUp" time="1.193">
    <failure type="org.openqa.selenium.SessionNotCreatedException" message="session not created: This version of ChromeDriver only supports Chrome version 87
Current browser version is 89.0.4389.114 with binary path C:\Program Files (x86)\Google\Chrome\Application\chrome.exe
Build info: version: &amp;apos;3.141.59&amp;apos;, revision: &amp;apos;e82be7d358&amp;apos;, time: &amp;apos;2018-11-14T08:17:03&amp;apos;
System info: host: &amp;apos;LP00019&amp;apos;, ip: &amp;apos;10.100.10.231&amp;apos;, os.name: &amp;apos;Windows 10&amp;apos;, os.arch: &amp;apos;amd64&amp;apos;, os.version: &amp;apos;10.0&amp;apos;, java.version: &amp;apos;14.0.1&amp;apos;
Driver info: driver.version: ChromeDriver
remote stacktrace: Backtrace:
	Ordinal0 [0x0103C0C3+3326147]
	Ordinal0 [0x00F20851+2164817]
	Ordinal0 [0x00DA7298+619160]
	Ordinal0 [0x00D21D92+73106]
	Ordinal0 [0x00D1E119+57625]
	Ordinal0 [0x00D1C38A+50058]
	Ordinal0 [0x00D45F3E+220990]
	Ordinal0 [0x00D45CAC+220332]
	Ordinal0 [0x00D4189B+202907]
	Ordinal0 [0x00D23DF4+81396]
	Ordinal0 [0x00D24DEE+85486]
	Ordinal0 [0x00D24D79+85369]
	Ordinal0 [0x00F385DC+2262492]
	GetHandleVerifier [0x011C2874+1487204]
	GetHandleVerifier [0x011C23CD+1486013]
	GetHandleVerifier [0x011CA368+1518680]
	GetHandleVerifier [0x011C2F4E+1488958]
	Ordinal0 [0x00F2ED0D+2223373]
	Ordinal0 [0x00F3A12B+2269483]
	Ordinal0 [0x00F3A26F+2269807]
	Ordinal0 [0x00F4ECB8+2354360]
	BaseThreadInitThunk [0x75EBFA29+25]
	RtlGetAppContainerNamedObjectPath [0x76FF7C7E+286]
	RtlGetAppContainerNamedObjectPath [0x76FF7C4E+238]
">
      <![CDATA[org.openqa.selenium.SessionNotCreatedException: session not created: This version of ChromeDriver only supports Chrome version 87
Current browser version is 89.0.4389.114 with binary path C:\Program Files (x86)\Google\Chrome\Application\chrome.exe
Build info: version: '3.141.59', revision: 'e82be7d358', time: '2018-11-14T08:17:03'
System info: host: 'LP00019', ip: '10.100.10.231', os.name: 'Windows 10', os.arch: 'amd64', os.version: '10.0', java.version: '14.0.1'
Driver info: driver.version: ChromeDriver
remote stacktrace: Backtrace:
Ordinal0 [0x0103C0C3+3326147]
Ordinal0 [0x00F20851+2164817]
Ordinal0 [0x00DA7298+619160]
Ordinal0 [0x00D21D92+73106]
Ordinal0 [0x00D1E119+57625]
Ordinal0 [0x00D1C38A+50058]
Ordinal0 [0x00D45F3E+220990]
Ordinal0 [0x00D45CAC+220332]
Ordinal0 [0x00D4189B+202907]
Ordinal0 [0x00D23DF4+81396]
Ordinal0 [0x00D24DEE+85486]
Ordinal0 [0x00D24D79+85369]
Ordinal0 [0x00F385DC+2262492]
GetHandleVerifier [0x011C2874+1487204]
GetHandleVerifier [0x011C23CD+1486013]
GetHandleVerifier [0x011CA368+1518680]
GetHandleVerifier [0x011C2F4E+1488958]
Ordinal0 [0x00F2ED0D+2223373]
Ordinal0 [0x00F3A12B+2269483]
Ordinal0 [0x00F3A26F+2269807]
Ordinal0 [0x00F4ECB8+2354360]
BaseThreadInitThunk [0x75EBFA29+25]
RtlGetAppContainerNamedObjectPath [0x76FF7C7E+286]
RtlGetAppContainerNamedObjectPath [0x76FF7C4E+238]

at org.openqa.selenium.remote.W3CHandshakeResponse.lambda$errorHandler$0(W3CHandshakeResponse.java:62)
at org.openqa.selenium.remote.HandshakeResponse.lambda$getResponseFunction$0(HandshakeResponse.java:30)
at org.openqa.selenium.remote.ProtocolHandshake.lambda$createSession$0(ProtocolHandshake.java:126)
at java.base/java.util.stream.ReferencePipeline$3$1.accept(ReferencePipeline.java:195)
at java.base/java.util.Spliterators$ArraySpliterator.tryAdvance(Spliterators.java:958)
at java.base/java.util.stream.ReferencePipeline.forEachWithCancel(ReferencePipeline.java:127)
at java.base/java.util.stream.AbstractPipeline.copyIntoWithCancel(AbstractPipeline.java:502)
at java.base/java.util.stream.AbstractPipeline.copyInto(AbstractPipeline.java:488)
at java.base/java.util.stream.AbstractPipeline.wrapAndCopyInto(AbstractPipeline.java:474)
at java.base/java.util.stream.FindOps$FindOp.evaluateSequential(FindOps.java:150)
at java.base/java.util.stream.AbstractPipeline.evaluate(AbstractPipeline.java:234)
at java.base/java.util.stream.ReferencePipeline.findFirst(ReferencePipeline.java:543)
at org.openqa.selenium.remote.ProtocolHandshake.createSession(ProtocolHandshake.java:128)
at org.openqa.selenium.remote.ProtocolHandshake.createSession(ProtocolHandshake.java:74)
at org.openqa.selenium.remote.HttpCommandExecutor.execute(HttpCommandExecutor.java:136)
at org.openqa.selenium.remote.service.DriverCommandExecutor.execute(DriverCommandExecutor.java:83)
at org.openqa.selenium.remote.RemoteWebDriver.execute(RemoteWebDriver.java:552)
at org.openqa.selenium.remote.RemoteWebDriver.startSession(RemoteWebDriver.java:213)
at org.openqa.selenium.remote.RemoteWebDriver.<init>(RemoteWebDriver.java:131)
at org.openqa.selenium.chrome.ChromeDriver.<init>(ChromeDriver.java:181)
at org.openqa.selenium.chrome.ChromeDriver.<init>(ChromeDriver.java:168)
at org.openqa.selenium.chrome.ChromeDriver.<init>(ChromeDriver.java:123)
at com.lp.qa.base.TestBase.browserInitialization(TestBase.java:59)
at com.lp.qa.testcases.RecurringBillingTests.TC05_VerifyEndDateInScheduleRecurringPopUp(RecurringBillingTests.java:155)
at java.base/java.util.ArrayList.forEach(ArrayList.java:1510)
... Removed 32 stack frames]]>
    </failure>
  </testcase> <!-- TC05_VerifyEndDateInScheduleRecurringPopUp -->
  <testcase classname="com.lp.qa.testcases.RecurringBillingTests" name="TC15_RB_CardEntryByPatient_RunTransactionReport" time="2.061">
    <failure type="org.openqa.selenium.SessionNotCreatedException" message="session not created: This version of ChromeDriver only supports Chrome version 87
Current browser version is 89.0.4389.114 with binary path C:\Program Files (x86)\Google\Chrome\Application\chrome.exe
Build info: version: &amp;apos;3.141.59&amp;apos;, revision: &amp;apos;e82be7d358&amp;apos;, time: &amp;apos;2018-11-14T08:17:03&amp;apos;
System info: host: &amp;apos;LP00019&amp;apos;, ip: &amp;apos;10.100.10.231&amp;apos;, os.name: &amp;apos;Windows 10&amp;apos;, os.arch: &amp;apos;amd64&amp;apos;, os.version: &amp;apos;10.0&amp;apos;, java.version: &amp;apos;14.0.1&amp;apos;
Driver info: driver.version: ChromeDriver
remote stacktrace: Backtrace:
	Ordinal0 [0x0103C0C3+3326147]
	Ordinal0 [0x00F20851+2164817]
	Ordinal0 [0x00DA7298+619160]
	Ordinal0 [0x00D21D92+73106]
	Ordinal0 [0x00D1E119+57625]
	Ordinal0 [0x00D1C38A+50058]
	Ordinal0 [0x00D45F3E+220990]
	Ordinal0 [0x00D45CAC+220332]
	Ordinal0 [0x00D4189B+202907]
	Ordinal0 [0x00D23DF4+81396]
	Ordinal0 [0x00D24DEE+85486]
	Ordinal0 [0x00D24D79+85369]
	Ordinal0 [0x00F385DC+2262492]
	GetHandleVerifier [0x011C2874+1487204]
	GetHandleVerifier [0x011C23CD+1486013]
	GetHandleVerifier [0x011CA368+1518680]
	GetHandleVerifier [0x011C2F4E+1488958]
	Ordinal0 [0x00F2ED0D+2223373]
	Ordinal0 [0x00F3A12B+2269483]
	Ordinal0 [0x00F3A26F+2269807]
	Ordinal0 [0x00F4ECB8+2354360]
	BaseThreadInitThunk [0x75EBFA29+25]
	RtlGetAppContainerNamedObjectPath [0x76FF7C7E+286]
	RtlGetAppContainerNamedObjectPath [0x76FF7C4E+238]
">
      <![CDATA[org.openqa.selenium.SessionNotCreatedException: session not created: This version of ChromeDriver only supports Chrome version 87
Current browser version is 89.0.4389.114 with binary path C:\Program Files (x86)\Google\Chrome\Application\chrome.exe
Build info: version: '3.141.59', revision: 'e82be7d358', time: '2018-11-14T08:17:03'
System info: host: 'LP00019', ip: '10.100.10.231', os.name: 'Windows 10', os.arch: 'amd64', os.version: '10.0', java.version: '14.0.1'
Driver info: driver.version: ChromeDriver
remote stacktrace: Backtrace:
Ordinal0 [0x0103C0C3+3326147]
Ordinal0 [0x00F20851+2164817]
Ordinal0 [0x00DA7298+619160]
Ordinal0 [0x00D21D92+73106]
Ordinal0 [0x00D1E119+57625]
Ordinal0 [0x00D1C38A+50058]
Ordinal0 [0x00D45F3E+220990]
Ordinal0 [0x00D45CAC+220332]
Ordinal0 [0x00D4189B+202907]
Ordinal0 [0x00D23DF4+81396]
Ordinal0 [0x00D24DEE+85486]
Ordinal0 [0x00D24D79+85369]
Ordinal0 [0x00F385DC+2262492]
GetHandleVerifier [0x011C2874+1487204]
GetHandleVerifier [0x011C23CD+1486013]
GetHandleVerifier [0x011CA368+1518680]
GetHandleVerifier [0x011C2F4E+1488958]
Ordinal0 [0x00F2ED0D+2223373]
Ordinal0 [0x00F3A12B+2269483]
Ordinal0 [0x00F3A26F+2269807]
Ordinal0 [0x00F4ECB8+2354360]
BaseThreadInitThunk [0x75EBFA29+25]
RtlGetAppContainerNamedObjectPath [0x76FF7C7E+286]
RtlGetAppContainerNamedObjectPath [0x76FF7C4E+238]

at org.openqa.selenium.remote.W3CHandshakeResponse.lambda$errorHandler$0(W3CHandshakeResponse.java:62)
at org.openqa.selenium.remote.HandshakeResponse.lambda$getResponseFunction$0(HandshakeResponse.java:30)
at org.openqa.selenium.remote.ProtocolHandshake.lambda$createSession$0(ProtocolHandshake.java:126)
at java.base/java.util.stream.ReferencePipeline$3$1.accept(ReferencePipeline.java:195)
at java.base/java.util.Spliterators$ArraySpliterator.tryAdvance(Spliterators.java:958)
at java.base/java.util.stream.ReferencePipeline.forEachWithCancel(ReferencePipeline.java:127)
at java.base/java.util.stream.AbstractPipeline.copyIntoWithCancel(AbstractPipeline.java:502)
at java.base/java.util.stream.AbstractPipeline.copyInto(AbstractPipeline.java:488)
at java.base/java.util.stream.AbstractPipeline.wrapAndCopyInto(AbstractPipeline.java:474)
at java.base/java.util.stream.FindOps$FindOp.evaluateSequential(FindOps.java:150)
at java.base/java.util.stream.AbstractPipeline.evaluate(AbstractPipeline.java:234)
at java.base/java.util.stream.ReferencePipeline.findFirst(ReferencePipeline.java:543)
at org.openqa.selenium.remote.ProtocolHandshake.createSession(ProtocolHandshake.java:128)
at org.openqa.selenium.remote.ProtocolHandshake.createSession(ProtocolHandshake.java:74)
at org.openqa.selenium.remote.HttpCommandExecutor.execute(HttpCommandExecutor.java:136)
at org.openqa.selenium.remote.service.DriverCommandExecutor.execute(DriverCommandExecutor.java:83)
at org.openqa.selenium.remote.RemoteWebDriver.execute(RemoteWebDriver.java:552)
at org.openqa.selenium.remote.RemoteWebDriver.startSession(RemoteWebDriver.java:213)
at org.openqa.selenium.remote.RemoteWebDriver.<init>(RemoteWebDriver.java:131)
at org.openqa.selenium.chrome.ChromeDriver.<init>(ChromeDriver.java:181)
at org.openqa.selenium.chrome.ChromeDriver.<init>(ChromeDriver.java:168)
at org.openqa.selenium.chrome.ChromeDriver.<init>(ChromeDriver.java:123)
at com.lp.qa.base.TestBase.browserInitialization(TestBase.java:59)
at com.lp.qa.testcases.RecurringBillingTests.TC15_RB_CardEntryByPatient_RunTransactionReport(RecurringBillingTests.java:315)
at java.base/java.util.ArrayList.forEach(ArrayList.java:1510)
... Removed 32 stack frames]]>
    </failure>
  </testcase> <!-- TC15_RB_CardEntryByPatient_RunTransactionReport -->
  <testcase classname="com.lp.qa.testcases.RecurringBillingTests" name="TC16_RB_CardEntryByPatient_verifyTransactionStatus" time="0.002">
    <failure type="java.lang.NullPointerException">
      <![CDATA[java.lang.NullPointerException
at com.lp.qa.testcases.RecurringBillingTests.TC16_RB_CardEntryByPatient_verifyTransactionStatus(RecurringBillingTests.java:329)
at java.base/java.util.ArrayList.forEach(ArrayList.java:1510)
... Removed 27 stack frames]]>
    </failure>
  </testcase> <!-- TC16_RB_CardEntryByPatient_verifyTransactionStatus -->
  <testcase classname="com.lp.qa.testcases.RecurringBillingTests" name="TC17_RB_CardEntryByPatient_verifyTransactionAmount" time="0.001">
    <failure type="java.lang.NullPointerException">
      <![CDATA[java.lang.NullPointerException
at com.lp.qa.testcases.RecurringBillingTests.TC17_RB_CardEntryByPatient_verifyTransactionAmount(RecurringBillingTests.java:333)
at java.base/java.util.ArrayList.forEach(ArrayList.java:1510)
... Removed 27 stack frames]]>
    </failure>
  </testcase> <!-- TC17_RB_CardEntryByPatient_verifyTransactionAmount -->
  <testcase classname="com.lp.qa.testcases.RecurringBillingTests" name="TC18_RB_CardEntryByPatient_verifyTransactionPatientName" time="0.001">
    <failure type="java.lang.NullPointerException">
      <![CDATA[java.lang.NullPointerException
at com.lp.qa.testcases.RecurringBillingTests.TC18_RB_CardEntryByPatient_verifyTransactionPatientName(RecurringBillingTests.java:337)
at java.base/java.util.ArrayList.forEach(ArrayList.java:1510)
... Removed 27 stack frames]]>
    </failure>
  </testcase> <!-- TC18_RB_CardEntryByPatient_verifyTransactionPatientName -->
  <testcase classname="com.lp.qa.testcases.RecurringBillingTests" name="TC19_RB_CardEntryByPatient_verifyTransactionUserLoginID" time="0.001">
    <failure type="java.lang.NullPointerException">
      <![CDATA[java.lang.NullPointerException
at com.lp.qa.testcases.RecurringBillingTests.TC19_RB_CardEntryByPatient_verifyTransactionUserLoginID(RecurringBillingTests.java:342)
at java.base/java.util.ArrayList.forEach(ArrayList.java:1510)
... Removed 27 stack frames]]>
    </failure>
  </testcase> <!-- TC19_RB_CardEntryByPatient_verifyTransactionUserLoginID -->
</testsuite> <!-- LP Test Cases -->
